<?xml version="1.0" encoding="UTF-8"?>
<testng-results ignored="0" total="1" passed="1" failed="0" skipped="0">
  <reporter-output>
  </reporter-output>
  <suite started-at="2020-07-14T04:55:07Z" name="Default suite" finished-at="2020-07-14T04:55:08Z" duration-ms="1240">
    <groups>
      <group name="cucumber">
        <method signature="TestRUNNER.feature(cucumber.api.testng.CucumberFeatureWrapper)[pri:0, instance:com.runner.TestRUNNER@2e6a8155]" name="feature" class="com.runner.TestRUNNER"/>
      </group> <!-- cucumber -->
    </groups>
    <test started-at="2020-07-14T04:55:07Z" name="Default test" finished-at="2020-07-14T04:55:08Z" duration-ms="1240">
      <class name="com.runner.TestRUNNER">
        <test-method is-config="true" signature="setUpClass()[pri:0, instance:com.runner.TestRUNNER@2e6a8155]" started-at="2020-07-14T10:25:07Z" name="setUpClass" finished-at="2020-07-14T10:25:07Z" duration-ms="376" status="PASS">
          <reporter-output>
          </reporter-output>
        </test-method> <!-- setUpClass -->
        <test-method signature="feature(cucumber.api.testng.CucumberFeatureWrapper)[pri:0, instance:com.runner.TestRUNNER@2e6a8155]" started-at="2020-07-14T10:25:07Z" name="feature" description="Runs Cucumber Feature" data-provider="features" finished-at="2020-07-14T10:25:08Z" duration-ms="524" status="PASS">
          <params>
            <param index="0">
              <value>
                <![CDATA[Title of your feature]]>
              </value>
            </param>
          </params>
          <reporter-output>
          </reporter-output>
        </test-method> <!-- feature -->
        <test-method is-config="true" signature="tearDownClass()[pri:0, instance:com.runner.TestRUNNER@2e6a8155]" started-at="2020-07-14T10:25:08Z" name="tearDownClass" finished-at="2020-07-14T10:25:08Z" duration-ms="125" status="PASS">
          <reporter-output>
          </reporter-output>
        </test-method> <!-- tearDownClass -->
      </class> <!-- com.runner.TestRUNNER -->
    </test> <!-- Default test -->
  </suite> <!-- Default suite -->
</testng-results>
